Сборка начата 08.10.2014 23:43:41.
     1>Проект "D:\dev\PS\C++\labs\lw1\src\lw1-03\lw1-03.vcxproj" в узле 2 (целевые объекты Build).
     1>ClCompile:
         C:\Program Files (x86)\Microsoft Visual Studio 12.0\VC\bin\CL.exe /c /Zi /nologo /W3 /WX- /sdl /O2 /Oi /Oy- /GL /D WIN32 /D NDEBUG /D _CONSOLE /D _LIB /D _UNICODE /D UNICODE /Gm- /EHsc /MD /GS /Gy /fp:precise /Zc:wchar_t /Zc:forScope /Yu"stdafx.h" /Fp"Release\lw1-03.pch" /Fo"Release\\" /Fd"Release\vc120.pdb" /Gd /TP /analyze- /errorReport:prompt "lw1-03.cpp"
         lw1-03.cpp
     1>lw1-03.cpp(41): error C2450: недопустимое выражение типа "const char *" в операторе switch
                 Требуется выражение целого типа
     1>lw1-03.cpp(43): error C2051: значение выражения для варианта выбора не является константой
     1>lw1-03.cpp(46): error C2059: синтаксическая ошибка: }
     1>lw1-03.cpp(46): warning C4060: оператор switch не содержит метку "case" или "default"
     1>Сборка проекта "D:\dev\PS\C++\labs\lw1\src\lw1-03\lw1-03.vcxproj" завершена (целевые объекты Build) с ошибкой.

Ошибка сборки.

Затраченное время: 00:00:00.93
